<?xml version="1.0" encoding="UTF-8"?>
<!-- Generated by org.testng.reporters.JUnitXMLReporter -->
<testsuite ignored="0" hostname="ASISH" failures="0" tests="5" name="Test" time="0.268" errors="0" timestamp="2025-05-26T12:53:37 IST">
  <testcase classname="automationcore.Base" name="@BeforeMethod initializebrowser" time="-1.74824421718E9">
    <failure type="org.testng.TestNGException" message="
Parameter &amp;apos;browser&amp;apos; is required by BeforeMethod on method initializebrowser but has not been marked @Optional or defined
in C:\Users\asish\git\AutomationProject\7rmartFinalProject\parallel.xml">
      <![CDATA[org.testng.TestNGException: 
Parameter 'browser' is required by BeforeMethod on method initializebrowser but has not been marked @Optional or defined
in C:\Users\asish\git\AutomationProject\7rmartFinalProject\parallel.xml
at java.base/java.util.concurrent.Executors$RunnableAdapter.call(Executors.java:572)
at java.base/java.util.concurrent.FutureTask.run(FutureTask.java:317)
at java.base/java.util.concurrent.ThreadPoolExecutor.runWorker(ThreadPoolExecutor.java:1144)
at java.base/java.util.concurrent.ThreadPoolExecutor$Worker.run(ThreadPoolExecutor.java:642)
at java.base/java.lang.Thread.run(Thread.java:1583)
... Removed 14 stack frames]]>
    </failure>
  </testcase> <!-- @BeforeMethod initializebrowser -->
  <testcase classname="automationcore.Base" name="@BeforeMethod initializebrowser" time="-1.748244217179E9">
    <failure type="org.testng.TestNGException" message="
Parameter &amp;apos;browser&amp;apos; is required by BeforeMethod on method initializebrowser but has not been marked @Optional or defined
in C:\Users\asish\git\AutomationProject\7rmartFinalProject\parallel.xml">
      <![CDATA[org.testng.TestNGException: 
Parameter 'browser' is required by BeforeMethod on method initializebrowser but has not been marked @Optional or defined
in C:\Users\asish\git\AutomationProject\7rmartFinalProject\parallel.xml
at java.base/java.util.concurrent.Executors$RunnableAdapter.call(Executors.java:572)
at java.base/java.util.concurrent.FutureTask.run(FutureTask.java:317)
at java.base/java.util.concurrent.ThreadPoolExecutor.runWorker(ThreadPoolExecutor.java:1144)
at java.base/java.util.concurrent.ThreadPoolExecutor$Worker.run(ThreadPoolExecutor.java:642)
at java.base/java.lang.Thread.run(Thread.java:1583)
... Removed 14 stack frames]]>
    </failure>
  </testcase> <!-- @BeforeMethod initializebrowser -->
  <testcase classname="automationcore.Base" name="@AfterMethod driverQuit" time="0.0">
    <skipped/>
  </testcase> <!-- @AfterMethod driverQuit -->
  <testcase classname="automationcore.Base" name="@AfterMethod driverQuit" time="0.0">
    <skipped/>
  </testcase> <!-- @AfterMethod driverQuit -->
  <testcase classname="automationcore.Base" name="@BeforeMethod initializebrowser" time="0.0">
    <skipped/>
  </testcase> <!-- @BeforeMethod initializebrowser -->
  <testcase classname="automationcore.Base" name="@AfterMethod driverQuit" time="0.0">
    <skipped/>
  </testcase> <!-- @AfterMethod driverQuit -->
  <testcase classname="automationcore.Base" name="@BeforeMethod initializebrowser" time="0.0">
    <skipped/>
  </testcase> <!-- @BeforeMethod initializebrowser -->
  <testcase classname="automationcore.Base" name="@AfterMethod driverQuit" time="0.0">
    <skipped/>
  </testcase> <!-- @AfterMethod driverQuit -->
  <testcase classname="automationcore.Base" name="@BeforeMethod initializebrowser" time="0.0">
    <skipped/>
  </testcase> <!-- @BeforeMethod initializebrowser -->
  <testcase classname="automationcore.Base" name="@AfterMethod driverQuit" time="0.0">
    <skipped/>
  </testcase> <!-- @AfterMethod driverQuit -->
  <testcase classname="testScript.LoginTest" name="verifyUsercansuccessfullyloginwithvalidcredentials" time="0.0">
    <skipped/>
  </testcase> <!-- verifyUsercansuccessfullyloginwithvalidcredentials -->
  <testcase classname="testScript.HomeTest" name="verifyWhetherUserisabletosuccessfullyLogoutfromeHomePage" time="0.0">
    <skipped/>
  </testcase> <!-- verifyWhetherUserisabletosuccessfullyLogoutfromeHomePage -->
  <testcase classname="testScript.LoginTest" name="verifyfailureloginwithinvalidpasswordinvalidusername" time="0.0">
    <skipped/>
  </testcase> <!-- verifyfailureloginwithinvalidpasswordinvalidusername -->
  <testcase classname="testScript.LoginTest" name="verifyfailureloginwithinvalidpasswordvalidusername" time="0.001">
    <skipped/>
  </testcase> <!-- verifyfailureloginwithinvalidpasswordvalidusername -->
  <testcase classname="testScript.LoginTest" name="verifyfailureloginwithinvalidcredentials" time="0.0">
    <skipped/>
  </testcase> <!-- verifyfailureloginwithinvalidcredentials -->
</testsuite> <!-- Test -->
